<?xml version="1.0" encoding="UTF-8"?>
<!-- Generated by org.testng.reporters.JUnitReportReporter -->
<testsuite skipped="0" hostname="NOI-43JCHC2" name="TestCase.BaseClass" tests="5" failures="0" timestamp="27 Jan 2019 15:57:58 GMT" time="0.012" errors="0">
  <testcase name="execute" time="0.002" classname="TestCase.BaseClass"/>
  <testcase name="execute" time="0.001" classname="TestCase.BaseClass"/>
  <testcase name="execute" time="0.007" classname="TestCase.BaseClass"/>
  <testcase name="execute" time="0.001" classname="TestCase.BaseClass"/>
  <testcase name="execute" time="0.001" classname="TestCase.BaseClass"/>
</testsuite> <!-- TestCase.BaseClass -->
