<?xml version="1.0" encoding="UTF-8"?>
<!-- Generated by org.testng.reporters.JUnitReportReporter -->
<testsuite skipped="0" hostname="NOI-43JCHC2" name="TestCase.DriverClass" tests="1" failures="0" timestamp="21 Jan 2019 13:40:40 GMT" time="0.460" errors="0">
  <testcase name="readExcelData" time="0.460" classname="TestCase.DriverClass"/>
</testsuite> <!-- TestCase.DriverClass -->
